<?xml version="1.0" encoding="UTF-8"?>
<testsuite xmlns:xsi="http://www.w3.org/2001/XMLSchema-instance" xsi:noNamespaceSchemaLocation="https://maven.apache.org/surefire/maven-surefire-plugin/xsd/surefire-test-report.xsd" version="3.0.2" name="TestSuite" time="6.714" tests="14" errors="0" skipped="0" failures="0">
  <properties>
    <property name="java.specification.version" value="24"/>
    <property name="sun.jnu.encoding" value="UTF-8"/>
    <property name="sun.awt.enableExtraMouseButtons" value="true"/>
    <property name="java.class.path" value="/Users/bharathreddymosarla/eclipse-workspace/AutomationExcerciseAPI/target/test-classes:/Users/bharathreddymosarla/eclipse-workspace/AutomationExcerciseAPI/target/classes:/Users/bharathreddymosarla/.m2/repository/io/rest-assured/rest-assured/5.5.5/rest-assured-5.5.5.jar:/Users/bharathreddymosarla/.m2/repository/org/apache/groovy/groovy/4.0.22/groovy-4.0.22.jar:/Users/bharathreddymosarla/.m2/repository/org/apache/groovy/groovy-xml/4.0.22/groovy-xml-4.0.22.jar:/Users/bharathreddymosarla/.m2/repository/org/apache/httpcomponents/httpclient/4.5.13/httpclient-4.5.13.jar:/Users/bharathreddymosarla/.m2/repository/org/apache/httpcomponents/httpcore/4.4.13/httpcore-4.4.13.jar:/Users/bharathreddymosarla/.m2/repository/commons-logging/commons-logging/1.2/commons-logging-1.2.jar:/Users/bharathreddymosarla/.m2/repository/commons-codec/commons-codec/1.11/commons-codec-1.11.jar:/Users/bharathreddymosarla/.m2/repository/org/apache/httpcomponents/httpmime/4.5.13/httpmime-4.5.13.jar:/Users/bharathreddymosarla/.m2/repository/org/hamcrest/hamcrest/2.2/hamcrest-2.2.jar:/Users/bharathreddymosarla/.m2/repository/org/ccil/cowan/tagsoup/tagsoup/1.2.1/tagsoup-1.2.1.jar:/Users/bharathreddymosarla/.m2/repository/org/testng/testng/7.11.0/testng-7.11.0.jar:/Users/bharathreddymosarla/.m2/repository/org/slf4j/slf4j-api/2.0.16/slf4j-api-2.0.16.jar:/Users/bharathreddymosarla/.m2/repository/org/jcommander/jcommander/1.83/jcommander-1.83.jar:/Users/bharathreddymosarla/.m2/repository/org/webjars/jquery/3.7.1/jquery-3.7.1.jar:/Users/bharathreddymosarla/.m2/repository/io/rest-assured/json-path/5.5.5/json-path-5.5.5.jar:/Users/bharathreddymosarla/.m2/repository/org/apache/groovy/groovy-json/4.0.22/groovy-json-4.0.22.jar:/Users/bharathreddymosarla/.m2/repository/io/rest-assured/rest-assured-common/5.5.5/rest-assured-common-5.5.5.jar:/Users/bharathreddymosarla/.m2/repository/io/rest-assured/xml-path/5.5.5/xml-path-5.5.5.jar:/Users/bharathreddymosarla/.m2/repository/org/apache/commons/commons-lang3/3.16.0/commons-lang3-3.16.0.jar:/Users/bharathreddymosarla/.m2/repository/io/rest-assured/json-schema-validator/5.5.5/json-schema-validator-5.5.5.jar:/Users/bharathreddymosarla/.m2/repository/com/github/java-json-tools/json-schema-validator/2.2.14/json-schema-validator-2.2.14.jar:/Users/bharathreddymosarla/.m2/repository/com/github/java-json-tools/jackson-coreutils-equivalence/1.0/jackson-coreutils-equivalence-1.0.jar:/Users/bharathreddymosarla/.m2/repository/com/github/java-json-tools/jackson-coreutils/2.0/jackson-coreutils-2.0.jar:/Users/bharathreddymosarla/.m2/repository/com/github/java-json-tools/msg-simple/1.2/msg-simple-1.2.jar:/Users/bharathreddymosarla/.m2/repository/com/github/java-json-tools/btf/1.3/btf-1.3.jar:/Users/bharathreddymosarla/.m2/repository/com/github/java-json-tools/json-schema-core/1.2.14/json-schema-core-1.2.14.jar:/Users/bharathreddymosarla/.m2/repository/com/github/java-json-tools/uri-template/0.10/uri-template-0.10.jar:/Users/bharathreddymosarla/.m2/repository/org/mozilla/rhino/1.7.7.2/rhino-1.7.7.2.jar:/Users/bharathreddymosarla/.m2/repository/com/sun/mail/mailapi/1.6.2/mailapi-1.6.2.jar:/Users/bharathreddymosarla/.m2/repository/joda-time/joda-time/2.10.5/joda-time-2.10.5.jar:/Users/bharathreddymosarla/.m2/repository/com/googlecode/libphonenumber/libphonenumber/8.11.1/libphonenumber-8.11.1.jar:/Users/bharathreddymosarla/.m2/repository/com/google/code/findbugs/jsr305/3.0.2/jsr305-3.0.2.jar:/Users/bharathreddymosarla/.m2/repository/net/sf/jopt-simple/jopt-simple/5.0.4/jopt-simple-5.0.4.jar:/Users/bharathreddymosarla/.m2/repository/com/google/guava/guava/33.2.1-jre/guava-33.2.1-jre.jar:/Users/bharathreddymosarla/.m2/repository/com/google/guava/failureaccess/1.0.2/failureaccess-1.0.2.jar:/Users/bharathreddymosarla/.m2/repository/com/google/guava/listenablefuture/9999.0-empty-to-avoid-conflict-with-guava/listenablefuture-9999.0-empty-to-avoid-conflict-with-guava.jar:/Users/bharathreddymosarla/.m2/repository/org/checkerframework/checker-qual/3.42.0/checker-qual-3.42.0.jar:/Users/bharathreddymosarla/.m2/repository/com/google/j2objc/j2objc-annotations/3.0.0/j2objc-annotations-3.0.0.jar:/Users/bharathreddymosarla/.m2/repository/org/json/json/20250517/json-20250517.jar:/Users/bharathreddymosarla/.m2/repository/com/google/code/gson/gson/2.13.1/gson-2.13.1.jar:/Users/bharathreddymosarla/.m2/repository/com/google/errorprone/error_prone_annotations/2.38.0/error_prone_annotations-2.38.0.jar:/Users/bharathreddymosarla/.m2/repository/com/github/scribejava/scribejava-apis/8.3.3/scribejava-apis-8.3.3.jar:/Users/bharathreddymosarla/.m2/repository/com/github/scribejava/scribejava-core/8.3.3/scribejava-core-8.3.3.jar:/Users/bharathreddymosarla/.m2/repository/com/github/scribejava/scribejava-java8/8.3.3/scribejava-java8-8.3.3.jar:/Users/bharathreddymosarla/.m2/repository/com/github/javafaker/javafaker/1.0.2/javafaker-1.0.2.jar:/Users/bharathreddymosarla/.m2/repository/org/yaml/snakeyaml/1.23/snakeyaml-1.23-android.jar:/Users/bharathreddymosarla/.m2/repository/com/github/mifmif/generex/1.0.2/generex-1.0.2.jar:/Users/bharathreddymosarla/.m2/repository/dk/brics/automaton/automaton/1.11-8/automaton-1.11-8.jar:/Users/bharathreddymosarla/.m2/repository/com/fasterxml/jackson/core/jackson-databind/2.19.1/jackson-databind-2.19.1.jar:/Users/bharathreddymosarla/.m2/repository/com/fasterxml/jackson/core/jackson-annotations/2.19.1/jackson-annotations-2.19.1.jar:/Users/bharathreddymosarla/.m2/repository/com/fasterxml/jackson/core/jackson-core/2.19.1/jackson-core-2.19.1.jar:/Users/bharathreddymosarla/.m2/repository/io/qameta/allure/allure-testng/2.29.1/allure-testng-2.29.1.jar:/Users/bharathreddymosarla/.m2/repository/io/qameta/allure/allure-java-commons/2.29.1/allure-java-commons-2.29.1.jar:/Users/bharathreddymosarla/.m2/repository/io/qameta/allure/allure-model/2.29.1/allure-model-2.29.1.jar:/Users/bharathreddymosarla/.m2/repository/io/qameta/allure/allure-test-filter/2.29.1/allure-test-filter-2.29.1.jar:/Users/bharathreddymosarla/.m2/repository/com/aventstack/extentreports/5.1.2/extentreports-5.1.2.jar:/Users/bharathreddymosarla/.m2/repository/io/reactivex/rxjava3/rxjava/3.1.6/rxjava-3.1.6.jar:/Users/bharathreddymosarla/.m2/repository/org/reactivestreams/reactive-streams/1.0.4/reactive-streams-1.0.4.jar:/Users/bharathreddymosarla/.m2/repository/org/freemarker/freemarker/2.3.32/freemarker-2.3.32.jar:/Users/bharathreddymosarla/.m2/repository/org/projectlombok/lombok/1.18.26/lombok-1.18.26.jar:"/>
    <property name="java.vm.vendor" value="Oracle Corporation"/>
    <property name="sun.arch.data.model" value="64"/>
    <property name="java.vendor.url" value="https://java.oracle.com/"/>
    <property name="user.timezone" value="Asia/Kolkata"/>
    <property name="os.name" value="Mac OS X"/>
    <property name="java.vm.specification.version" value="24"/>
    <property name="sun.java.launcher" value="SUN_STANDARD"/>
    <property name="user.country" value="IN"/>
    <property name="sun.boot.library.path" value="/Library/Java/JavaVirtualMachines/jdk-24.jdk/Contents/Home/lib"/>
    <property name="sun.java.command" value="/Users/bharathreddymosarla/eclipse-workspace/AutomationExcerciseAPI/target/surefire/surefirebooter-20250627140804555_3.jar /Users/bharathreddymosarla/eclipse-workspace/AutomationExcerciseAPI/target/surefire 2025-06-27T14-08-04_507-jvmRun1 surefire-20250627140804555_1tmp surefire_0-20250627140804555_2tmp"/>
    <property name="http.nonProxyHosts" value="local|*.local|169.254/16|*.169.254/16"/>
    <property name="jdk.debug" value="release"/>
    <property name="surefire.test.class.path" value="/Users/bharathreddymosarla/eclipse-workspace/AutomationExcerciseAPI/target/test-classes:/Users/bharathreddymosarla/eclipse-workspace/AutomationExcerciseAPI/target/classes:/Users/bharathreddymosarla/.m2/repository/io/rest-assured/rest-assured/5.5.5/rest-assured-5.5.5.jar:/Users/bharathreddymosarla/.m2/repository/org/apache/groovy/groovy/4.0.22/groovy-4.0.22.jar:/Users/bharathreddymosarla/.m2/repository/org/apache/groovy/groovy-xml/4.0.22/groovy-xml-4.0.22.jar:/Users/bharathreddymosarla/.m2/repository/org/apache/httpcomponents/httpclient/4.5.13/httpclient-4.5.13.jar:/Users/bharathreddymosarla/.m2/repository/org/apache/httpcomponents/httpcore/4.4.13/httpcore-4.4.13.jar:/Users/bharathreddymosarla/.m2/repository/commons-logging/commons-logging/1.2/commons-logging-1.2.jar:/Users/bharathreddymosarla/.m2/repository/commons-codec/commons-codec/1.11/commons-codec-1.11.jar:/Users/bharathreddymosarla/.m2/repository/org/apache/httpcomponents/httpmime/4.5.13/httpmime-4.5.13.jar:/Users/bharathreddymosarla/.m2/repository/org/hamcrest/hamcrest/2.2/hamcrest-2.2.jar:/Users/bharathreddymosarla/.m2/repository/org/ccil/cowan/tagsoup/tagsoup/1.2.1/tagsoup-1.2.1.jar:/Users/bharathreddymosarla/.m2/repository/org/testng/testng/7.11.0/testng-7.11.0.jar:/Users/bharathreddymosarla/.m2/repository/org/slf4j/slf4j-api/2.0.16/slf4j-api-2.0.16.jar:/Users/bharathreddymosarla/.m2/repository/org/jcommander/jcommander/1.83/jcommander-1.83.jar:/Users/bharathreddymosarla/.m2/repository/org/webjars/jquery/3.7.1/jquery-3.7.1.jar:/Users/bharathreddymosarla/.m2/repository/io/rest-assured/json-path/5.5.5/json-path-5.5.5.jar:/Users/bharathreddymosarla/.m2/repository/org/apache/groovy/groovy-json/4.0.22/groovy-json-4.0.22.jar:/Users/bharathreddymosarla/.m2/repository/io/rest-assured/rest-assured-common/5.5.5/rest-assured-common-5.5.5.jar:/Users/bharathreddymosarla/.m2/repository/io/rest-assured/xml-path/5.5.5/xml-path-5.5.5.jar:/Users/bharathreddymosarla/.m2/repository/org/apache/commons/commons-lang3/3.16.0/commons-lang3-3.16.0.jar:/Users/bharathreddymosarla/.m2/repository/io/rest-assured/json-schema-validator/5.5.5/json-schema-validator-5.5.5.jar:/Users/bharathreddymosarla/.m2/repository/com/github/java-json-tools/json-schema-validator/2.2.14/json-schema-validator-2.2.14.jar:/Users/bharathreddymosarla/.m2/repository/com/github/java-json-tools/jackson-coreutils-equivalence/1.0/jackson-coreutils-equivalence-1.0.jar:/Users/bharathreddymosarla/.m2/repository/com/github/java-json-tools/jackson-coreutils/2.0/jackson-coreutils-2.0.jar:/Users/bharathreddymosarla/.m2/repository/com/github/java-json-tools/msg-simple/1.2/msg-simple-1.2.jar:/Users/bharathreddymosarla/.m2/repository/com/github/java-json-tools/btf/1.3/btf-1.3.jar:/Users/bharathreddymosarla/.m2/repository/com/github/java-json-tools/json-schema-core/1.2.14/json-schema-core-1.2.14.jar:/Users/bharathreddymosarla/.m2/repository/com/github/java-json-tools/uri-template/0.10/uri-template-0.10.jar:/Users/bharathreddymosarla/.m2/repository/org/mozilla/rhino/1.7.7.2/rhino-1.7.7.2.jar:/Users/bharathreddymosarla/.m2/repository/com/sun/mail/mailapi/1.6.2/mailapi-1.6.2.jar:/Users/bharathreddymosarla/.m2/repository/joda-time/joda-time/2.10.5/joda-time-2.10.5.jar:/Users/bharathreddymosarla/.m2/repository/com/googlecode/libphonenumber/libphonenumber/8.11.1/libphonenumber-8.11.1.jar:/Users/bharathreddymosarla/.m2/repository/com/google/code/findbugs/jsr305/3.0.2/jsr305-3.0.2.jar:/Users/bharathreddymosarla/.m2/repository/net/sf/jopt-simple/jopt-simple/5.0.4/jopt-simple-5.0.4.jar:/Users/bharathreddymosarla/.m2/repository/com/google/guava/guava/33.2.1-jre/guava-33.2.1-jre.jar:/Users/bharathreddymosarla/.m2/repository/com/google/guava/failureaccess/1.0.2/failureaccess-1.0.2.jar:/Users/bharathreddymosarla/.m2/repository/com/google/guava/listenablefuture/9999.0-empty-to-avoid-conflict-with-guava/listenablefuture-9999.0-empty-to-avoid-conflict-with-guava.jar:/Users/bharathreddymosarla/.m2/repository/org/checkerframework/checker-qual/3.42.0/checker-qual-3.42.0.jar:/Users/bharathreddymosarla/.m2/repository/com/google/j2objc/j2objc-annotations/3.0.0/j2objc-annotations-3.0.0.jar:/Users/bharathreddymosarla/.m2/repository/org/json/json/20250517/json-20250517.jar:/Users/bharathreddymosarla/.m2/repository/com/google/code/gson/gson/2.13.1/gson-2.13.1.jar:/Users/bharathreddymosarla/.m2/repository/com/google/errorprone/error_prone_annotations/2.38.0/error_prone_annotations-2.38.0.jar:/Users/bharathreddymosarla/.m2/repository/com/github/scribejava/scribejava-apis/8.3.3/scribejava-apis-8.3.3.jar:/Users/bharathreddymosarla/.m2/repository/com/github/scribejava/scribejava-core/8.3.3/scribejava-core-8.3.3.jar:/Users/bharathreddymosarla/.m2/repository/com/github/scribejava/scribejava-java8/8.3.3/scribejava-java8-8.3.3.jar:/Users/bharathreddymosarla/.m2/repository/com/github/javafaker/javafaker/1.0.2/javafaker-1.0.2.jar:/Users/bharathreddymosarla/.m2/repository/org/yaml/snakeyaml/1.23/snakeyaml-1.23-android.jar:/Users/bharathreddymosarla/.m2/repository/com/github/mifmif/generex/1.0.2/generex-1.0.2.jar:/Users/bharathreddymosarla/.m2/repository/dk/brics/automaton/automaton/1.11-8/automaton-1.11-8.jar:/Users/bharathreddymosarla/.m2/repository/com/fasterxml/jackson/core/jackson-databind/2.19.1/jackson-databind-2.19.1.jar:/Users/bharathreddymosarla/.m2/repository/com/fasterxml/jackson/core/jackson-annotations/2.19.1/jackson-annotations-2.19.1.jar:/Users/bharathreddymosarla/.m2/repository/com/fasterxml/jackson/core/jackson-core/2.19.1/jackson-core-2.19.1.jar:/Users/bharathreddymosarla/.m2/repository/io/qameta/allure/allure-testng/2.29.1/allure-testng-2.29.1.jar:/Users/bharathreddymosarla/.m2/repository/io/qameta/allure/allure-java-commons/2.29.1/allure-java-commons-2.29.1.jar:/Users/bharathreddymosarla/.m2/repository/io/qameta/allure/allure-model/2.29.1/allure-model-2.29.1.jar:/Users/bharathreddymosarla/.m2/repository/io/qameta/allure/allure-test-filter/2.29.1/allure-test-filter-2.29.1.jar:/Users/bharathreddymosarla/.m2/repository/com/aventstack/extentreports/5.1.2/extentreports-5.1.2.jar:/Users/bharathreddymosarla/.m2/repository/io/reactivex/rxjava3/rxjava/3.1.6/rxjava-3.1.6.jar:/Users/bharathreddymosarla/.m2/repository/org/reactivestreams/reactive-streams/1.0.4/reactive-streams-1.0.4.jar:/Users/bharathreddymosarla/.m2/repository/org/freemarker/freemarker/2.3.32/freemarker-2.3.32.jar:/Users/bharathreddymosarla/.m2/repository/org/projectlombok/lombok/1.18.26/lombok-1.18.26.jar:"/>
    <property name="sun.cpu.endian" value="little"/>
    <property name="user.home" value="/Users/bharathreddymosarla"/>
    <property name="user.language" value="en"/>
    <property name="java.specification.vendor" value="Oracle Corporation"/>
    <property name="java.version.date" value="2025-04-15"/>
    <property name="java.home" value="/Library/Java/JavaVirtualMachines/jdk-24.jdk/Contents/Home"/>
    <property name="file.separator" value="/"/>
    <property name="basedir" value="/Users/bharathreddymosarla/eclipse-workspace/AutomationExcerciseAPI"/>
    <property name="java.vm.compressedOopsMode" value="Zero based"/>
    <property name="line.separator" value="&#10;"/>
    <property name="java.vm.specification.vendor" value="Oracle Corporation"/>
    <property name="java.specification.name" value="Java Platform API Specification"/>
    <property name="apple.awt.application.name" value="ForkedBooter"/>
    <property name="surefire.real.class.path" value="/Users/bharathreddymosarla/eclipse-workspace/AutomationExcerciseAPI/target/surefire/surefirebooter-20250627140804555_3.jar"/>
    <property name="sun.management.compiler" value="HotSpot 64-Bit Tiered Compilers"/>
    <property name="ftp.nonProxyHosts" value="local|*.local|169.254/16|*.169.254/16"/>
    <property name="java.runtime.version" value="24.0.1+9-30"/>
    <property name="user.name" value="bharathreddymosarla"/>
    <property name="stdout.encoding" value="UTF-8"/>
    <property name="path.separator" value=":"/>
    <property name="os.version" value="15.5"/>
    <property name="java.runtime.name" value="Java(TM) SE Runtime Environment"/>
    <property name="file.encoding" value="UTF-8"/>
    <property name="java.vm.name" value="Java HotSpot(TM) 64-Bit Server VM"/>
    <property name="localRepository" value="/Users/bharathreddymosarla/.m2/repository"/>
    <property name="java.vendor.url.bug" value="https://bugreport.java.com/bugreport/"/>
    <property name="java.io.tmpdir" value="/var/folders/yl/pty_hlg11bs3z12v53_1_b8c0000gn/T/"/>
    <property name="java.version" value="24.0.1"/>
    <property name="user.dir" value="/Users/bharathreddymosarla/eclipse-workspace/AutomationExcerciseAPI"/>
    <property name="os.arch" value="aarch64"/>
    <property name="java.vm.specification.name" value="Java Virtual Machine Specification"/>
    <property name="native.encoding" value="UTF-8"/>
    <property name="java.library.path" value="/Users/bharathreddymosarla/Library/Java/Extensions:/Library/Java/Extensions:/Network/Library/Java/Extensions:/System/Library/Java/Extensions:/usr/lib/java:."/>
    <property name="java.vm.info" value="mixed mode, sharing"/>
    <property name="stderr.encoding" value="UTF-8"/>
    <property name="java.vendor" value="Oracle Corporation"/>
    <property name="java.vm.version" value="24.0.1+9-30"/>
    <property name="sun.io.unicode.encoding" value="UnicodeBig"/>
    <property name="socksNonProxyHosts" value="local|*.local|169.254/16|*.169.254/16"/>
    <property name="java.class.version" value="68.0"/>
  </properties>
  <testcase name="testPostLoginValidDetails" classname="testcases.TestCase07" time="2.467">
    <system-out><![CDATA[<html>
  <body>{"responseCode": 405, "message": "This request method is not supported."}</body>
</html>
<html>
  <body>{"responseCode": 200, "message": "User exists!"}</body>
</html>
<html>
  <body>{"responseCode": 201, "message": "User created!"}</body>
</html>
<html>
  <body>{"responseCode": 200, "brands": [{"id": 1, "brand": "Polo"}, {"id": 2, "brand": "H&amp;M"}, {"id": 3, "brand": "Madame"}, {"id": 4, "brand": "Madame"}, {"id": 5, "brand": "Mast &amp; Harbour"}, {"id": 6, "brand": "H&amp;M"}, {"id": 7, "brand": "Madame"}, {"id": 8, "brand": "Polo"}, {"id": 11, "brand": "Babyhug"}, {"id": 12, "brand": "Babyhug"}, {"id": 13, "brand": "Allen Solly Junior"}, {"id": 14, "brand": "Kookie Kids"}, {"id": 15, "brand": "Babyhug"}, {"id": 16, "brand": "Babyhug"}, {"id": 18, "brand": "Kookie Kids"}, {"id": 19, "brand": "Allen Solly Junior"}, {"id": 20, "brand": "Kookie Kids"}, {"id": 21, "brand": "Biba"}, {"id": 22, "brand": "Biba"}, {"id": 23, "brand": "Biba"}, {"id": 24, "brand": "Allen Solly Junior"}, {"id": 28, "brand": "H&amp;M"}, {"id": 29, "brand": "Polo"}, {"id": 30, "brand": "Polo"}, {"id": 31, "brand": "H&amp;M"}, {"id": 33, "brand": "Polo"}, {"id": 35, "brand": "H&amp;M"}, {"id": 37, "brand": "Polo"}, {"id": 38, "brand": "Madame"}, {"id": 39, "brand": "Biba"}, {"id": 40, "brand": "Biba"}, {"id": 41, "brand": "Madame"}, {"id": 42, "brand": "Mast &amp; Harbour"}, {"id": 43, "brand": "Mast &amp; Harbour"}]}</body>
</html>
<html>
  <body>{"responseCode": 200, "products": [{"id": 1, "name": "Blue Top", "price": "Rs. 500", "brand": "Polo", "category": {"usertype": {"usertype": "Women"}, "category": "Tops"}}, {"id": 5, "name": "Winter Top", "price": "Rs. 600", "brand": "Mast &amp; Harbour", "category": {"usertype": {"usertype": "Women"}, "category": "Tops"}}, {"id": 6, "name": "Summer White Top", "price": "Rs. 400", "brand": "H&amp;M", "category": {"usertype": {"usertype": "Women"}, "category": "Tops"}}, {"id": 7, "name": "Madame Top For Women", "price": "Rs. 1000", "brand": "Madame", "category": {"usertype": {"usertype": "Women"}, "category": "Tops"}}, {"id": 8, "name": "Fancy Green Top", "price": "Rs. 700", "brand": "Polo", "category": {"usertype": {"usertype": "Women"}, "category": "Tops"}}, {"id": 11, "name": "Sleeves Printed Top - White", "price": "Rs. 499", "brand": "Babyhug", "category": {"usertype": {"usertype": "Kids"}, "category": "Tops &amp; Shirts"}}, {"id": 12, "name": "Half Sleeves Top Schiffli Detailing - Pink", "price": "Rs. 359", "brand": "Babyhug", "category": {"usertype": {"usertype": "Kids"}, "category": "Tops &amp; Shirts"}}, {"id": 13, "name": "Frozen Tops For Kids", "price": "Rs. 278", "brand": "Allen Solly Junior", "category": {"usertype": {"usertype": "Kids"}, "category": "Tops &amp; Shirts"}}, {"id": 14, "name": "Full Sleeves Top Cherry - Pink", "price": "Rs. 679", "brand": "Kookie Kids", "category": {"usertype": {"usertype": "Kids"}, "category": "Tops &amp; Shirts"}}, {"id": 15, "name": "Printed Off Shoulder Top - White", "price": "Rs. 315", "brand": "Babyhug", "category": {"usertype": {"usertype": "Kids"}, "category": "Tops &amp; Shirts"}}, {"id": 16, "name": "Sleeves Top and Short - Blue &amp; Pink", "price": "Rs. 478", "brand": "Babyhug", "category": {"usertype": {"usertype": "Kids"}, "category": "Dress"}}, {"id": 18, "name": "Little Girls Mr. Panda Shirt", "price": "Rs. 1200", "brand": "Kookie Kids", "category": {"usertype": {"usertype": "Kids"}, "category": "Tops &amp; Shirts"}}, {"id": 24, "name": "Colour Blocked Shirt \u2013 Sky Blue", "price": "Rs. 849", "brand": "Allen Solly Junior", "category": {"usertype": {"usertype": "Kids"}, "category": "Tops &amp; Shirts"}}, {"id": 42, "name": "Lace Top For Women", "price": "Rs. 1400", "brand": "Mast &amp; Harbour", "category": {"usertype": {"usertype": "Women"}, "category": "Tops"}}]}</body>
</html>
]]></system-out>
    <system-err><![CDATA[SLF4J(W): No SLF4J providers were found.
SLF4J(W): Defaulting to no-operation (NOP) logger implementation
SLF4J(W): See https://www.slf4j.org/codes.html#noProviders for further details.
]]></system-err>
  </testcase>
  <testcase name="testGetAllBarands" classname="testcases.TestCase03" time="2.47"/>
  <testcase name="testCreateUser" classname="testcases.TestCase11" time="2.47"/>
  <testcase name="testPostSearchproduct" classname="testcases.TestCase05" time="2.471"/>
  <testcase name="testPostAllProducts" classname="testcases.TestCase02" time="2.471"/>
  <testcase name="testPostLoginonlypassword" classname="testcases.TestCase08" time="1.146">
    <system-out><![CDATA[<html>
  <body>{"responseCode": 400, "message": "Bad request, email or password parameter is missing in POST request."}</body>
</html>
<html>
  <body>{"responseCode": 405, "message": "This request method is not supported."}</body>
</html>
]]></system-out>
  </testcase>
  <testcase name="testGetAllBarands" classname="testcases.TestCase04" time="1.147"/>
  <testcase name="testPostSearchproductWithoutParameter" classname="testcases.TestCase06" time="0.029">
    <system-out><![CDATA[<html>
  <body>{"responseCode": 400, "message": "Bad request, search_product parameter is missing in POST request."}</body>
</html>
]]></system-out>
  </testcase>
  <testcase name="testUpdateUser" classname="testcases.TestCase13" time="0.156">
    <system-out><![CDATA[<html>
  <body>{"responseCode": 200, "message": "User updated!"}</body>
</html>
]]></system-out>
  </testcase>
  <testcase name="testGetAllProducts" classname="testcases.TestCase01" time="0.073">
    <system-out><![CDATA[<html>
  <body>{"responseCode": 200, "products": [{"id": 1, "name": "Blue Top", "price": "Rs. 500", "brand": "Polo", "category": {"usertype": {"usertype": "Women"}, "category": "Tops"}}, {"id": 2, "name": "Men Tshirt", "price": "Rs. 400", "brand": "H&amp;M", "category": {"usertype": {"usertype": "Men"}, "category": "Tshirts"}}, {"id": 3, "name": "Sleeveless Dress", "price": "Rs. 1000", "brand": "Madame", "category": {"usertype": {"usertype": "Women"}, "category": "Dress"}}, {"id": 4, "name": "Stylish Dress", "price": "Rs. 1500", "brand": "Madame", "category": {"usertype": {"usertype": "Women"}, "category": "Dress"}}, {"id": 5, "name": "Winter Top", "price": "Rs. 600", "brand": "Mast &amp; Harbour", "category": {"usertype": {"usertype": "Women"}, "category": "Tops"}}, {"id": 6, "name": "Summer White Top", "price": "Rs. 400", "brand": "H&amp;M", "category": {"usertype": {"usertype": "Women"}, "category": "Tops"}}, {"id": 7, "name": "Madame Top For Women", "price": "Rs. 1000", "brand": "Madame", "category": {"usertype": {"usertype": "Women"}, "category": "Tops"}}, {"id": 8, "name": "Fancy Green Top", "price": "Rs. 700", "brand": "Polo", "category": {"usertype": {"usertype": "Women"}, "category": "Tops"}}, {"id": 11, "name": "Sleeves Printed Top - White", "price": "Rs. 499", "brand": "Babyhug", "category": {"usertype": {"usertype": "Kids"}, "category": "Tops &amp; Shirts"}}, {"id": 12, "name": "Half Sleeves Top Schiffli Detailing - Pink", "price": "Rs. 359", "brand": "Babyhug", "category": {"usertype": {"usertype": "Kids"}, "category": "Tops &amp; Shirts"}}, {"id": 13, "name": "Frozen Tops For Kids", "price": "Rs. 278", "brand": "Allen Solly Junior", "category": {"usertype": {"usertype": "Kids"}, "category": "Tops &amp; Shirts"}}, {"id": 14, "name": "Full Sleeves Top Cherry - Pink", "price": "Rs. 679", "brand": "Kookie Kids", "category": {"usertype": {"usertype": "Kids"}, "category": "Tops &amp; Shirts"}}, {"id": 15, "name": "Printed Off Shoulder Top - White", "price": "Rs. 315", "brand": "Babyhug", "category": {"usertype": {"usertype": "Kids"}, "category": "Tops &amp; Shirts"}}, {"id": 16, "name": "Sleeves Top and Short - Blue &amp; Pink", "price": "Rs. 478", "brand": "Babyhug", "category": {"usertype": {"usertype": "Kids"}, "category": "Dress"}}, {"id": 18, "name": "Little Girls Mr. Panda Shirt", "price": "Rs. 1200", "brand": "Kookie Kids", "category": {"usertype": {"usertype": "Kids"}, "category": "Tops &amp; Shirts"}}, {"id": 19, "name": "Sleeveless Unicorn Patch Gown - Pink", "price": "Rs. 1050", "brand": "Allen Solly Junior", "category": {"usertype": {"usertype": "Kids"}, "category": "Dress"}}, {"id": 20, "name": "Cotton Mull Embroidered Dress", "price": "Rs. 1190", "brand": "Kookie Kids", "category": {"usertype": {"usertype": "Kids"}, "category": "Dress"}}, {"id": 21, "name": "Blue Cotton Indie Mickey Dress", "price": "Rs. 1530", "brand": "Biba", "category": {"usertype": {"usertype": "Kids"}, "category": "Dress"}}, {"id": 22, "name": "Long Maxi Tulle Fancy Dress Up Outfits -Pink", "price": "Rs. 1600", "brand": "Biba", "category": {"usertype": {"usertype": "Kids"}, "category": "Dress"}}, {"id": 23, "name": "Sleeveless Unicorn Print Fit &amp; Flare Net Dress - Multi", "price": "Rs. 1100", "brand": "Biba", "category": {"usertype": {"usertype": "Kids"}, "category": "Dress"}}, {"id": 24, "name": "Colour Blocked Shirt \u2013 Sky Blue", "price": "Rs. 849", "brand": "Allen Solly Junior", "category": {"usertype": {"usertype": "Kids"}, "category": "Tops &amp; Shirts"}}, {"id": 28, "name": "Pure Cotton V-Neck T-Shirt", "price": "Rs. 1299", "brand": "H&amp;M", "category": {"usertype": {"usertype": "Men"}, "category": "Tshirts"}}, {"id": 29, "name": "Green Side Placket Detail T-Shirt", "price": "Rs. 1000", "brand": "Polo", "category": {"usertype": {"usertype": "Men"}, "category": "Tshirts"}}, {"id": 30, "name": "Premium Polo T-Shirts", "price": "Rs. 1500", "brand": "Polo", "category": {"usertype": {"usertype": "Men"}, "category": "Tshirts"}}, {"id": 31, "name": "Pure Cotton Neon Green Tshirt", "price": "Rs. 850", "brand": "H&amp;M", "category": {"usertype": {"usertype": "Men"}, "category": "Tshirts"}}, {"id": 33, "name": "Soft Stretch Jeans", "price": "Rs. 799", "brand": "Polo", "category": {"usertype": {"usertype": "Men"}, "category": "Jeans"}}, {"id": 35, "name": "Regular Fit Straight Jeans", "price": "Rs. 1200", "brand": "H&amp;M", "category": {"usertype": {"usertype": "Men"}, "category": "Jeans"}}, {"id": 37, "name": "Grunt Blue Slim Fit Jeans", "price": "Rs. 1400", "brand": "Polo", "category": {"usertype": {"usertype": "Men"}, "category": "Jeans"}}, {"id": 38, "name": "Rose Pink Embroidered Maxi Dress", "price": "Rs. 2300", "brand": "Madame", "category": {"usertype": {"usertype": "Women"}, "category": "Dress"}}, {"id": 39, "name": "Cotton Silk Hand Block Print Saree", "price": "Rs. 3000", "brand": "Biba", "category": {"usertype": {"usertype": "Women"}, "category": "Saree"}}, {"id": 40, "name": "Rust Red Linen Saree", "price": "Rs. 3500", "brand": "Biba", "category": {"usertype": {"usertype": "Women"}, "category": "Saree"}}, {"id": 41, "name": "Beautiful Peacock Blue Cotton Linen Saree", "price": "Rs. 5000", "brand": "Madame", "category": {"usertype": {"usertype": "Women"}, "category": "Saree"}}, {"id": 42, "name": "Lace Top For Women", "price": "Rs. 1400", "brand": "Mast &amp; Harbour", "category": {"usertype": {"usertype": "Women"}, "category": "Tops"}}, {"id": 43, "name": "GRAPHIC DESIGN MEN T SHIRT - BLUE", "price": "Rs. 1389", "brand": "Mast &amp; Harbour", "category": {"usertype": {"usertype": "Men"}, "category": "Tshirts"}}]}</body>
</html>
]]></system-out>
  </testcase>
  <testcase name="testDeleteLogin" classname="testcases.TestCase09" time="0.769">
    <system-out><![CDATA[<html>
  <body>{"responseCode": 405, "message": "This request method is not supported."}</body>
</html>
]]></system-out>
  </testcase>
  <testcase name="testDeleteUser" classname="testcases.TestCase12" time="0.46">
    <system-out><![CDATA[<html>
  <body>{"responseCode": 200, "message": "Account deleted!"}</body>
</html>
]]></system-out>
  </testcase>
  <testcase name="testUserDetailsByEmail" classname="testcases.TestCase14" time="0.564">
    <system-out><![CDATA[<html>
  <body>{"responseCode": 200, "user": {"id": 620781, "name": "john", "email": "john007@gmail.com", "title": "", "birth_day": "", "birth_month": "", "birth_year": "", "first_name": "dsc", "last_name": "sa", "company": "", "address1": "s", "address2": "", "country": "India", "state": "s", "city": "sa", "zipcode": "as"}}</body>
</html>
]]></system-out>
  </testcase>
  <testcase name="testPostLoginInValidDetails" classname="testcases.TestCase10" time="1.252">
    <system-out><![CDATA[<html>
  <body>{"responseCode": 404, "message": "User not found!"}</body>
</html>
]]></system-out>
  </testcase>
</testsuite>