<?xml version="1.0" encoding="UTF-8"?>
<!-- Generated by org.testng.reporters.JUnitReportReporter -->
<testsuite hostname="Bharaths-MacBook-Pro.local" failures="0" tests="1" name="testcases.TestCase01" time="5.216" errors="0" timestamp="2025-06-27T14:05:13 IST" skipped="0">
  <testcase classname="testcases.TestCase01" name="testGetAllProducts" time="5.216"/>
</testsuite> <!-- testcases.TestCase01 -->
