<?xml version="1.0" encoding="UTF-8"?>
<!-- Generated by org.testng.reporters.JUnitReportReporter -->
<testsuite hostname="Bharaths-MacBook-Pro.local" failures="0" tests="1" name="testcases.TestCase10" time="4.826" errors="0" timestamp="2025-06-27T14:05:13 IST" skipped="0">
  <testcase classname="testcases.TestCase10" name="testPostLoginInValidDetails" time="4.826"/>
</testsuite> <!-- testcases.TestCase10 -->
