<?xml version="1.0" encoding="UTF-8"?>
<!-- Generated by org.testng.reporters.JUnitReportReporter -->
<testsuite hostname="Bharaths-MacBook-Pro.local" failures="0" tests="1" name="testcases.TestCase11" time="1.897" errors="0" timestamp="2025-06-27T14:05:13 IST" skipped="0">
  <testcase classname="testcases.TestCase11" name="testCreateUser" time="1.897"/>
</testsuite> <!-- testcases.TestCase11 -->
