<?xml version="1.0" encoding="UTF-8"?>
<!-- Generated by org.testng.reporters.JUnitReportReporter -->
<testsuite hostname="Bharaths-MacBook-Pro.local" failures="0" tests="1" name="testcases.TestCase07" time="2.441" errors="0" timestamp="2025-06-27T14:08:11 IST" skipped="0">
  <testcase classname="testcases.TestCase07" name="testPostLoginValidDetails" time="2.441"/>
</testsuite> <!-- testcases.TestCase07 -->
